#
# There is insufficient memory for the Java Runtime Environment to continue.
# Native memory allocation (mmap) failed to map 67108864 bytes. Error detail: G1 virtual space
# Possible reasons:
#   The system is out of physical RAM or swap space
#   This process is running with CompressedOops enabled, and the Java Heap may be blocking the growth of the native heap
# Possible solutions:
#   Reduce memory load on the system
#   Increase physical memory or swap space
#   Check if swap backing store is full
#   Decrease Java heap size (-Xmx/-Xms)
#   Decrease number of Java threads
#   Decrease Java thread stack sizes (-Xss)
#   Set larger code cache with -XX:ReservedCodeCacheSize=
#   JVM is running with Unscaled Compressed Oops mode in which the Java heap is
#     placed in the first 4GB address space. The Java Heap base address is the
#     maximum limit for the native heap growth. Please use -XX:HeapBaseMinAddress
#     to set the Java Heap base and to place the Java Heap above 4GB virtual address.
# This output file may be truncated or incomplete.
#
#  Out of Memory Error (os_windows.cpp:3926), pid=9528, tid=6496
#
# JRE version:  (21.0.10) (build )
# Java VM: OpenJDK 64-Bit Server VM (21.0.10+-14961533-b1163.108, mixed mode, sharing, tiered, compressed oops, compressed class ptrs, g1 gc, windows-amd64)
# No core dump will be written. Minidumps are not enabled by default on client versions of Windows
#

---------------  S U M M A R Y ------------

Command Line: -Xmx64m -Xms64m -Dorg.gradle.appname=gradlew C:\Users\priye\AndroidStudioProjects\potholereport\\gradle\wrapper\gradle-wrapper.jar :app:compileDebugKotlin --console=plain

Host: Intel(R) Core(TM) i5-7300U CPU @ 2.60GHz, 4 cores, 7G,  Windows 10 , 64 bit Build 19041 (10.0.19041.7291)
Time: Mon Jun 15 18:33:16 2026 India Standard Time elapsed time: 0.031695 seconds (0d 0h 0m 0s)

---------------  T H R E A D  ---------------

Current thread (0x0000021d8a700960):  JavaThread "Unknown thread" [_thread_in_vm, id=6496, stack(0x00000045d4000000,0x00000045d4100000) (1024K)]

Stack: [0x00000045d4000000,0x00000045d4100000]
Native frames: (J=compiled Java code, j=interpreted, Vv=VM code, C=native code)
V  [jvm.dll+0x6d78a9]
V  [jvm.dll+0x8665b3]
V  [jvm.dll+0x868bde]
V  [jvm.dll+0x8692c3]
V  [jvm.dll+0x280ee6]
V  [jvm.dll+0x6d4165]
V  [jvm.dll+0x6c77fa]
V  [jvm.dll+0x358f4b]
V  [jvm.dll+0x360bc6]
V  [jvm.dll+0x3b2ea6]
V  [jvm.dll+0x3b3178]
V  [jvm.dll+0x32b65c]
V  [jvm.dll+0x32c34b]
V  [jvm.dll+0x82f449]
V  [jvm.dll+0x3c0078]
V  [jvm.dll+0x8185e8]
V  [jvm.dll+0x45449e]
V  [jvm.dll+0x455c01]
C  [jli.dll+0x52ab]
C  [ucrtbase.dll+0x21bb2]
C  [KERNEL32.DLL+0x17374]
C  [ntdll.dll+0x4cc91]


---------------  P R O C E S S  ---------------

Threads class SMR info:
_java_thread_list=0x00007ffeb235b9c8, length=0, elements={
}

Java Threads: ( => current thread )
Total: 0

Other Threads:
  0x0000021d8c9c8ca0 WorkerThread "GC Thread#0"                     [id=2216, stack(0x00000045d4100000,0x00000045d4200000) (1024K)]
  0x0000021d8c9ca490 ConcurrentGCThread "G1 Main Marker"            [id=6880, stack(0x00000045d4200000,0x00000045d4300000) (1024K)]
  0x0000021d8c9cb110 WorkerThread "G1 Conc#0"                       [id=5996, stack(0x00000045d4300000,0x00000045d4400000) (1024K)]

[error occurred during error reporting (printing all threads), id 0xc0000005, EXCEPTION_ACCESS_VIOLATION (0xc0000005) at pc=0x00007ffeb1b4e637]
VM state: not at safepoint (not fully initialized)

VM Mutex/Monitor currently owned by a thread:  ([mutex/lock_event])
[0x00007ffeb23c87d0] Heap_lock - owner thread: 0x0000021d8a700960

Heap address: 0x00000000fc000000, size: 64 MB, Compressed Oops mode: 32-bit

CDS archive(s) mapped at: [0x0000000000000000-0x0000000000000000-0x0000000000000000), size 0, SharedBaseAddress: 0x0000000800000000, ArchiveRelocationMode: 1.
Narrow klass base: 0x0000000000000000, Narrow klass shift: 0, Narrow klass range: 0x0

GC Precious Log:
 CardTable entry size: 512
 Card Set container configuration: InlinePtr #cards 5 size 8 Array Of Cards #cards 12 size 40 Howl #buckets 4 coarsen threshold 1843 Howl Bitmap #cards 512 size 80 coarsen threshold 460 Card regions per heap region 1 cards per card region 2048

Heap:
 garbage-first heap   total 0K, used 0K [0x00000000fc000000, 0x0000000100000000)
  region size 1024K, 0 young (0K), 0 survivors (0K)
 Metaspace       used 0K, committed 0K, reserved 0K
  class space    used 0K, committed 0K, reserved 0K

Heap Regions: E=young(eden), S=young(survivor), O=old, HS=humongous(starts), HC=humongous(continues), CS=collection set, F=free, TAMS=top-at-mark-start, PB=parsable bottom

Card table byte_map: [0x0000021d8a870000,0x0000021d8a890000] _byte_map_base: 0x0000021d8a090000

Marking Bits: (CMBitMap*) 0x0000021d8c9c93b0
 Bits: [0x0000021d8c7a0000, 0x0000021d8c8a0000)

GC Heap History (0 events):
No events

Dll operation events (1 events):
Event: 0.015 Loaded shared library C:\Program Files\Android\Android Studio\jbr\bin\java.dll

Deoptimization events (0 events):
No events

Classes loaded (0 events):
No events

Classes unloaded (0 events):
No events

Classes redefined (0 events):
No events

Internal exceptions (0 events):
No events

ZGC Phase Switch (0 events):
No events

VM Operations (0 events):
No events

Memory protections (0 events):
No events

Nmethod flushes (0 events):
No events

Events (0 events):
No events


Dynamic libraries:
0x00007ff60c780000 - 0x00007ff60c78a000 	C:\Program Files\Android\Android Studio\jbr\bin\java.exe
0x00007ffeea1d0000 - 0x00007ffeea3c9000 	C:\WINDOWS\SYSTEM32\ntdll.dll
0x00007ffee8750000 - 0x00007ffee8812000 	C:\WINDOWS\System32\KERNEL32.DLL
0x00007ffee7c40000 - 0x00007ffee7f37000 	C:\WINDOWS\System32\KERNELBASE.dll
0x00007ffee7ac0000 - 0x00007ffee7bc0000 	C:\WINDOWS\System32\ucrtbase.dll
0x00007ffee3690000 - 0x00007ffee36ab000 	C:\Program Files\Android\Android Studio\jbr\bin\VCRUNTIME140.dll
0x00007ffedea60000 - 0x00007ffedea78000 	C:\Program Files\Android\Android Studio\jbr\bin\jli.dll
0x00007ffee9360000 - 0x00007ffee94fd000 	C:\WINDOWS\System32\USER32.dll
0x00007ffecd3b0000 - 0x00007ffecd64b000 	C:\WINDOWS\WinSxS\amd64_microsoft.windows.common-controls_6595b64144ccf1df_6.0.19041.6926_none_60b5a53971f8f7e6\COMCTL32.dll
0x00007ffee7840000 - 0x00007ffee7862000 	C:\WINDOWS\System32\win32u.dll
0x00007ffee8260000 - 0x00007ffee82fe000 	C:\WINDOWS\System32\msvcrt.dll
0x00007ffee9880000 - 0x00007ffee98ab000 	C:\WINDOWS\System32\GDI32.dll
0x00007ffee7870000 - 0x00007ffee798a000 	C:\WINDOWS\System32\gdi32full.dll
0x00007ffee7a20000 - 0x00007ffee7abd000 	C:\WINDOWS\System32\msvcp_win.dll
0x00007ffee83e0000 - 0x00007ffee840f000 	C:\WINDOWS\System32\IMM32.DLL
0x00007ffee1e90000 - 0x00007ffee1e9c000 	C:\Program Files\Android\Android Studio\jbr\bin\vcruntime140_1.dll
0x00007ffec35b0000 - 0x00007ffec363d000 	C:\Program Files\Android\Android Studio\jbr\bin\msvcp140.dll
0x00007ffeb1810000 - 0x00007ffeb24a6000 	C:\Program Files\Android\Android Studio\jbr\bin\server\jvm.dll
0x00007ffeea0d0000 - 0x00007ffeea181000 	C:\WINDOWS\System32\ADVAPI32.dll
0x00007ffeea030000 - 0x00007ffeea0cf000 	C:\WINDOWS\System32\sechost.dll
0x00007ffee8410000 - 0x00007ffee8536000 	C:\WINDOWS\System32\RPCRT4.dll
0x00007ffee81a0000 - 0x00007ffee81c7000 	C:\WINDOWS\System32\bcrypt.dll
0x00007ffee9810000 - 0x00007ffee987b000 	C:\WINDOWS\System32\WS2_32.dll
0x00007ffee73a0000 - 0x00007ffee73eb000 	C:\WINDOWS\SYSTEM32\POWRPROF.dll
0x00007ffecd690000 - 0x00007ffecd69a000 	C:\WINDOWS\SYSTEM32\VERSION.dll
0x00007ffec1780000 - 0x00007ffec17a7000 	C:\WINDOWS\SYSTEM32\WINMM.dll
0x00007ffee7380000 - 0x00007ffee7392000 	C:\WINDOWS\SYSTEM32\UMPDC.dll
0x00007ffee5690000 - 0x00007ffee56a2000 	C:\WINDOWS\SYSTEM32\kernel.appcore.dll
0x00007ffedeba0000 - 0x00007ffedebaa000 	C:\Program Files\Android\Android Studio\jbr\bin\jimage.dll
0x00007ffee1f40000 - 0x00007ffee2141000 	C:\WINDOWS\SYSTEM32\DBGHELP.DLL
0x00007ffed8d80000 - 0x00007ffed8db4000 	C:\WINDOWS\SYSTEM32\dbgcore.DLL
0x00007ffee7990000 - 0x00007ffee7a12000 	C:\WINDOWS\System32\bcryptPrimitives.dll
0x00007ffed5700000 - 0x00007ffed5720000 	C:\Program Files\Android\Android Studio\jbr\bin\java.dll

JVMTI agents: none

dbghelp: loaded successfully - version: 4.0.5 - missing functions: none
symbol engine: initialized successfully - sym options: 0x614 - pdb path: .;C:\Program Files\Android\Android Studio\jbr\bin;C:\WINDOWS\SYSTEM32;C:\WINDOWS\WinSxS\amd64_microsoft.windows.common-controls_6595b64144ccf1df_6.0.19041.6926_none_60b5a53971f8f7e6;C:\Program Files\Android\Android Studio\jbr\bin\server

VM Arguments:
jvm_args: -Xmx64m -Xms64m -Dorg.gradle.appname=gradlew 
java_command: C:\Users\priye\AndroidStudioProjects\potholereport\\gradle\wrapper\gradle-wrapper.jar :app:compileDebugKotlin --console=plain
java_class_path (initial): C:\Users\priye\AndroidStudioProjects\potholereport\\gradle\wrapper\gradle-wrapper.jar
Launcher Type: SUN_STANDARD

[Global flags]
     intx CICompilerCount                          = 3                                         {product} {ergonomic}
     uint ConcGCThreads                            = 1                                         {product} {ergonomic}
     uint G1ConcRefinementThreads                  = 4                                         {product} {ergonomic}
   size_t G1HeapRegionSize                         = 1048576                                   {product} {ergonomic}
    uintx GCDrainStackTargetSize                   = 64                                        {product} {ergonomic}
   size_t InitialHeapSize                          = 67108864                                  {product} {command line}
   size_t MarkStackSize                            = 4194304                                   {product} {ergonomic}
   size_t MaxHeapSize                              = 67108864                                  {product} {command line}
   size_t MinHeapDeltaBytes                        = 1048576                                   {product} {ergonomic}
   size_t MinHeapSize                              = 67108864                                  {product} {command line}
    uintx NonNMethodCodeHeapSize                   = 5832780                                {pd product} {ergonomic}
    uintx NonProfiledCodeHeapSize                  = 122912730                              {pd product} {ergonomic}
    uintx ProfiledCodeHeapSize                     = 122912730                              {pd product} {ergonomic}
    uintx ReservedCodeCacheSize                    = 251658240                              {pd product} {ergonomic}
     bool SegmentedCodeCache                       = true                                      {product} {ergonomic}
   size_t SoftMaxHeapSize                          = 67108864                               {manageable} {ergonomic}
     bool UseCompressedOops                        = true                           {product lp64_product} {ergonomic}
     bool UseG1GC                                  = true                                      {product} {ergonomic}
     bool UseLargePagesIndividualAllocation        = false                                  {pd product} {ergonomic}

Logging:
Log output configuration:
 #0: stdout all=warning uptime,level,tags foldmultilines=false
 #1: stderr all=off uptime,level,tags foldmultilines=false

Release file:
<release file has not been read>
Environment Variables:
JAVA_HOME=C:\Program Files\Android\Android Studio\jbr
PATH=c:\Users\priye\AppData\Local\Programs\cursor\resources\app\resources\helpers;C:\WINDOWS\system32;C:\WINDOWS;C:\WINDOWS\System32\Wbem;C:\WINDOWS\System32\WindowsPowerShell\v1.0\;C:\WINDOWS\System32\OpenSSH\;C:\Users\priye\AppData\Local\Microsoft\WindowsApps\python3.12.exe;C:\Users\priye\AppData\Local\Packages\PythonSoftwareFoundation.Python.3.11_qbz5n2kfra8p0\LocalCache\local-packages\Python311\Scripts;C:\Users\priye\AppData\Local\Microsoft\WindowsApps;C:\Users\priye\AppData\Local\Microsoft\WindowsApps\python3.12.exe;C:\Users\priye\AppData\Local\Packages\PythonSoftwareFoundation.Python.3.11_qbz5n2kfra8p0\LocalCache\local-packages\Python311\Scripts;C:\Users\priye\AppData\Local\Programs\cursor\resources\app\bin
USERNAME=priye
TERM=dumb
OS=Windows_NT
PROCESSOR_IDENTIFIER=Intel64 Family 6 Model 142 Stepping 9, GenuineIntel
TMP=C:\Users\priye\AppData\Local\Temp
TEMP=C:\Users\priye\AppData\Local\Temp




Periodic native trim disabled

JNI global refs:
JNI global refs: 0, weak refs: 0

JNI global refs memory usage: 0, weak refs: 0

Process memory usage:
Resident Set Size: 10220K (0% of 8303648K total physical memory with 367180K free physical memory)

OOME stack traces (most recent first):
Classloader memory used:

---------------  S Y S T E M  ---------------

OS:
 Windows 10 , 64 bit Build 19041 (10.0.19041.7291)
OS uptime: 32 days 22:47 hours

CPU: total 4 (initial active 4) (2 cores per cpu, 2 threads per core) family 6 model 142 stepping 9 microcode 0xf4, cx8, cmov, fxsr, ht, mmx, 3dnowpref, sse, sse2, sse3, ssse3, sse4.1, sse4.2, popcnt, lzcnt, tsc, tscinvbit, avx, avx2, aes, erms, clmul, bmi1, bmi2, rtm, adx, fma, vzeroupper, clflush, clflushopt, rdtscp, f16c
Processor Information for the first 4 processors :
  Max Mhz: 2712, Current Mhz: 2611, Mhz Limit: 2603

Memory: 4k page, system-wide physical 8109M (358M free)
TotalPageFile size 23200M (AvailPageFile size 73M)
current process WorkingSet (physical memory assigned to process): 10M, peak: 10M
current process commit charge ("private bytes"): 51M, peak: 115M

vm_info: OpenJDK 64-Bit Server VM (21.0.10+-14961533-b1163.108) for windows-amd64 JRE (21.0.10+-14961533-b1163.108), built on 2026-03-02T19:58:50Z by "builder" with MS VC++ 16.10 / 16.11 (VS2019)

END.
